<?xml version="1.0" encoding="UTF-8"?>
<!-- Generated by org.testng.reporters.JUnitXMLReporter -->
<testsuite hostname="Mlokare-Mpro15.box" ignored="1" name="broken links and login " tests="2" failures="0" timestamp="19 Jul 2022 22:55:18 GMT" time="25.413" errors="0">
  <testcase name="btest" time="0.421" classname="com.qa.mytheresa.tests.HomePageTest"/>
  <testcase name="login" time="14.677" classname="com.qa.mytheresa.tests.HomePageTest"/>
  <testcase name="verifyBrokenLinks" time="0.0" classname="com.qa.mytheresa.tests.HomePageTest">
    <ignored/>
  </testcase> <!-- verifyBrokenLinks -->
</testsuite> <!-- broken links and login  -->
