<?xml version="1.0" encoding="UTF-8"?>
<!-- Generated by org.testng.reporters.JUnitXMLReporter -->
<testsuite hostname="Mlokare-Mpro15.box" ignored="1" name="broken 1 " tests="1" failures="0" timestamp="19 Jul 2022 16:36:29 GMT" time="19.558" errors="0">
  <testcase name="login" time="14.81" classname="com.qa.mytheresa.tests.HomePageTest"/>
  <testcase name="verifyBrokenLinks" time="0.0" classname="com.qa.mytheresa.tests.HomePageTest">
    <ignored/>
  </testcase> <!-- verifyBrokenLinks -->
</testsuite> <!-- broken 1  -->
