<?xml version="1.0" encoding="UTF-8"?>
<!-- Generated by org.testng.reporters.JUnitXMLReporter -->
<testsuite hostname="Mlokare-Mpro15.box" ignored="0" name="broken links and login " tests="2" failures="1" timestamp="19 Jul 2022 22:10:25 GMT" time="49.819" errors="0">
  <testcase name="login" time="14.406" classname="com.qa.mytheresa.tests.HomePageTest"/>
  <testcase name="verifyBrokenLinks" time="30.01" classname="com.qa.mytheresa.tests.HomePageTest">
    <failure type="com.microsoft.playwright.TimeoutError" message="Error {
  message=&amp;apos;Timeout 30000ms exceeded.
=========================== logs ===========================
  waiting for frame &amp;quot;#privacy-iframe&amp;quot;
============================================================
  name=&amp;apos;TimeoutError
  stack=&amp;apos;TimeoutError: Timeout 30000ms exceeded.
=========================== logs ===========================
  waiting for frame &amp;quot;#privacy-iframe&amp;quot;
============================================================
    at ProgressController.run (/private/var/folders/0d/nltcyhds4t99c9fktvddhg040000gp/T/playwright-java-4325551203714878608/package/lib/server/progress.js:96:26)
    at Frame.click (/private/var/folders/0d/nltcyhds4t99c9fktvddhg040000gp/T/playwright-java-4325551203714878608/package/lib/server/frames.js:1158:23)
    at FrameDispatcher.click (/private/var/folders/0d/nltcyhds4t99c9fktvddhg040000gp/T/playwright-java-4325551203714878608/package/lib/server/dispatchers/frameDispatcher.js:173:30)
    at DispatcherConnection.dispatch (/private/var/folders/0d/nltcyhds4t99c9fktvddhg040000gp/T/playwright-java-4325551203714878608/package/lib/server/dispatchers/dispatcher.js:352:46)
}">
      <![CDATA[com.microsoft.playwright.TimeoutError: Error {
  message='Timeout 30000ms exceeded.
=========================== logs ===========================
  waiting for frame "#privacy-iframe"
============================================================
  name='TimeoutError
  stack='TimeoutError: Timeout 30000ms exceeded.
=========================== logs ===========================
  waiting for frame "#privacy-iframe"
============================================================
    at ProgressController.run (/private/var/folders/0d/nltcyhds4t99c9fktvddhg040000gp/T/playwright-java-4325551203714878608/package/lib/server/progress.js:96:26)
    at Frame.click (/private/var/folders/0d/nltcyhds4t99c9fktvddhg040000gp/T/playwright-java-4325551203714878608/package/lib/server/frames.js:1158:23)
    at FrameDispatcher.click (/private/var/folders/0d/nltcyhds4t99c9fktvddhg040000gp/T/playwright-java-4325551203714878608/package/lib/server/dispatchers/frameDispatcher.js:173:30)
    at DispatcherConnection.dispatch (/private/var/folders/0d/nltcyhds4t99c9fktvddhg040000gp/T/playwright-java-4325551203714878608/package/lib/server/dispatchers/dispatcher.js:352:46)
}
at com.microsoft.playwright.impl.WaitableResult.get(WaitableResult.java:52)
at com.microsoft.playwright.impl.ChannelOwner.runUntil(ChannelOwner.java:103)
at com.microsoft.playwright.impl.Connection.sendMessage(Connection.java:106)
at com.microsoft.playwright.impl.ChannelOwner.sendMessage(ChannelOwner.java:94)
at com.microsoft.playwright.impl.FrameImpl.clickImpl(FrameImpl.java:255)
at com.microsoft.playwright.impl.FrameImpl.lambda$click$9(FrameImpl.java:246)
at com.microsoft.playwright.impl.LoggingSupport.lambda$withLogging$0(LoggingSupport.java:36)
at com.microsoft.playwright.impl.LoggingSupport.withLogging(LoggingSupport.java:47)
at com.microsoft.playwright.impl.ChannelOwner.withLogging(ChannelOwner.java:79)
at com.microsoft.playwright.impl.LoggingSupport.withLogging(LoggingSupport.java:35)
at com.microsoft.playwright.impl.FrameImpl.click(FrameImpl.java:246)
at com.microsoft.playwright.impl.LocatorImpl.click(LocatorImpl.java:132)
at com.microsoft.playwright.Locator.click(Locator.java:1731)
at com.qa.mytheresa.pages.HomePage.acceptCookies(HomePage.java:30)
at com.qa.mytheresa.tests.HomePageTest.verifyBrokenLinks(HomePageTest.java:23)
at java.util.concurrent.FutureTask.run(FutureTask.java:266)
at java.util.concurrent.ThreadPoolExecutor.runWorker(ThreadPoolExecutor.java:1149)
at java.util.concurrent.ThreadPoolExecutor$Worker.run(ThreadPoolExecutor.java:624)
at java.lang.Thread.run(Thread.java:748)
Caused by: com.microsoft.playwright.TimeoutError: Error {
  message='Timeout 30000ms exceeded.
=========================== logs ===========================
  waiting for frame "#privacy-iframe"
============================================================
  name='TimeoutError
  stack='TimeoutError: Timeout 30000ms exceeded.
=========================== logs ===========================
  waiting for frame "#privacy-iframe"
============================================================
    at ProgressController.run (/private/var/folders/0d/nltcyhds4t99c9fktvddhg040000gp/T/playwright-java-4325551203714878608/package/lib/server/progress.js:96:26)
    at Frame.click (/private/var/folders/0d/nltcyhds4t99c9fktvddhg040000gp/T/playwright-java-4325551203714878608/package/lib/server/frames.js:1158:23)
    at FrameDispatcher.click (/private/var/folders/0d/nltcyhds4t99c9fktvddhg040000gp/T/playwright-java-4325551203714878608/package/lib/server/dispatchers/frameDispatcher.js:173:30)
    at DispatcherConnection.dispatch (/private/var/folders/0d/nltcyhds4t99c9fktvddhg040000gp/T/playwright-java-4325551203714878608/package/lib/server/dispatchers/dispatcher.js:352:46)
}
at com.microsoft.playwright.impl.Connection.dispatch(Connection.java:186)
at com.microsoft.playwright.impl.Connection.processOneMessage(Connection.java:168)
at com.microsoft.playwright.impl.ChannelOwner.runUntil(ChannelOwner.java:101)
... 33 more
... Removed 16 stack frames]]>
    </failure>
  </testcase> <!-- verifyBrokenLinks -->
</testsuite> <!-- broken links and login  -->
