<?xml version="1.0" encoding="UTF-8"?>
<testsuite xmlns:xsi="http://www.w3.org/2001/XMLSchema-instance" xsi:noNamespaceSchemaLocation="https://maven.apache.org/surefire/maven-surefire-plugin/xsd/surefire-test-report-3.0.xsd" version="3.0" name="TestSuite" time="50.021" tests="2" errors="0" skipped="0" failures="1">
  <properties>
[...]
</properties>
  <testcase name="login" classname="com.qa.mytheresa.tests.HomePageTest" time="14.406">
    <system-out><![CDATA[Enviornment is prod
URL is https://www.mytheresa.com/en-de/men.html
Browser name is firefox
]]></system-out>
  </testcase>
  <testcase name="verifyBrokenLinks" classname="com.qa.mytheresa.tests.HomePageTest" time="30.013">
    <failure message="Error {&#10;  message=&apos;Timeout 30000ms exceeded.&#10;=========================== logs ===========================&#10;  waiting for frame &quot;#privacy-iframe&quot;&#10;============================================================&#10;  name=&apos;TimeoutError&#10;  stack=&apos;TimeoutError: Timeout 30000ms exceeded.&#10;=========================== logs ===========================&#10;  waiting for frame &quot;#privacy-iframe&quot;&#10;============================================================&#10;    at ProgressController.run (/private/var/folders/0d/nltcyhds4t99c9fktvddhg040000gp/T/playwright-java-4325551203714878608/package/lib/server/progress.js:96:26)&#10;    at Frame.click (/private/var/folders/0d/nltcyhds4t99c9fktvddhg040000gp/T/playwright-java-4325551203714878608/package/lib/server/frames.js:1158:23)&#10;    at FrameDispatcher.click (/private/var/folders/0d/nltcyhds4t99c9fktvddhg040000gp/T/playwright-java-4325551203714878608/package/lib/server/dispatchers/frameDispatcher.js:173:30)&#10;    at DispatcherConnection.dispatch (/private/var/folders/0d/nltcyhds4t99c9fktvddhg040000gp/T/playwright-java-4325551203714878608/package/lib/server/dispatchers/dispatcher.js:352:46)&#10;}" type="com.microsoft.playwright.TimeoutError"><![CDATA[com.microsoft.playwright.TimeoutError: 
Error {
  message='Timeout 30000ms exceeded.
=========================== logs ===========================
  waiting for frame "#privacy-iframe"
============================================================
  name='TimeoutError
  stack='TimeoutError: Timeout 30000ms exceeded.
=========================== logs ===========================
  waiting for frame "#privacy-iframe"
============================================================
    at ProgressController.run (/private/var/folders/0d/nltcyhds4t99c9fktvddhg040000gp/T/playwright-java-4325551203714878608/package/lib/server/progress.js:96:26)
    at Frame.click (/private/var/folders/0d/nltcyhds4t99c9fktvddhg040000gp/T/playwright-java-4325551203714878608/package/lib/server/frames.js:1158:23)
    at FrameDispatcher.click (/private/var/folders/0d/nltcyhds4t99c9fktvddhg040000gp/T/playwright-java-4325551203714878608/package/lib/server/dispatchers/frameDispatcher.js:173:30)
    at DispatcherConnection.dispatch (/private/var/folders/0d/nltcyhds4t99c9fktvddhg040000gp/T/playwright-java-4325551203714878608/package/lib/server/dispatchers/dispatcher.js:352:46)
}
	at com.qa.mytheresa.tests.HomePageTest.verifyBrokenLinks(HomePageTest.java:23)
Caused by: com.microsoft.playwright.TimeoutError: 
Error {
  message='Timeout 30000ms exceeded.
=========================== logs ===========================
  waiting for frame "#privacy-iframe"
============================================================
  name='TimeoutError
  stack='TimeoutError: Timeout 30000ms exceeded.
=========================== logs ===========================
  waiting for frame "#privacy-iframe"
============================================================
    at ProgressController.run (/private/var/folders/0d/nltcyhds4t99c9fktvddhg040000gp/T/playwright-java-4325551203714878608/package/lib/server/progress.js:96:26)
    at Frame.click (/private/var/folders/0d/nltcyhds4t99c9fktvddhg040000gp/T/playwright-java-4325551203714878608/package/lib/server/frames.js:1158:23)
    at FrameDispatcher.click (/private/var/folders/0d/nltcyhds4t99c9fktvddhg040000gp/T/playwright-java-4325551203714878608/package/lib/server/dispatchers/frameDispatcher.js:173:30)
    at DispatcherConnection.dispatch (/private/var/folders/0d/nltcyhds4t99c9fktvddhg040000gp/T/playwright-java-4325551203714878608/package/lib/server/dispatchers/dispatcher.js:352:46)
}
	at com.qa.mytheresa.tests.HomePageTest.verifyBrokenLinks(HomePageTest.java:23)
]]></failure>
  </testcase>
</testsuite>